<?xml version="1.0" encoding="UTF-8"?>
<testng-results ignored="0" total="1" passed="1" failed="0" skipped="0">
  <reporter-output>
  </reporter-output>
  <suite started-at="2023-06-24T16:07:42 IST" name="Default suite" finished-at="2023-06-24T16:07:49 IST" duration-ms="7246">
    <groups>
    </groups>
    <test started-at="2023-06-24T16:07:42 IST" name="Default test" finished-at="2023-06-24T16:07:49 IST" duration-ms="7246">
      <class name="com.learnautomation.testcases.LoginTest">
        <test-method is-config="true" signature="startApplication()[pri:0, instance:com.learnautomation.testcases.LoginTest@303cf2ba]" started-at="2023-06-24T16:07:42 IST" name="startApplication" finished-at="2023-06-24T16:07:46 IST" duration-ms="4763" status="PASS">
          <reporter-output>
          </reporter-output>
        </test-method> <!-- startApplication -->
        <test-method signature="loginToApp(java.lang.String,java.lang.String)[pri:0, instance:com.learnautomation.testcases.LoginTest@303cf2ba]" started-at="2023-06-24T16:07:47 IST" name="loginToApp" data-provider="Credentials" finished-at="2023-06-24T16:07:49 IST" duration-ms="1857" status="PASS">
          <params>
            <param index="0">
              <value>
                <![CDATA[admin@gmail.com]]>
              </value>
            </param>
            <param index="1">
              <value>
                <![CDATA[admin@123]]>
              </value>
            </param>
          </params>
          <reporter-output>
          </reporter-output>
        </test-method> <!-- loginToApp -->
      </class> <!-- com.learnautomation.testcases.LoginTest -->
    </test> <!-- Default test -->
  </suite> <!-- Default suite -->
</testng-results>
